# JRE version: Java(TM) SE Runtime Environment (7.0_79-b15) (build 1.7.0_79-b15)
# Java VM: Java HotSpot(TM) 64-Bit Server VM (24.79-b02 mixed mode bsd-amd64 compressed oops)
Heap
 PSYoungGen      total 60416K, used 32476K [0x00000007faa80000, 0x00000007ff480000, 0x0000000800000000)
  eden space 59392K, 53% used [0x00000007faa80000,0x00000007fc98f2e0,0x00000007fe480000)
  from space 1024K, 65% used [0x00000007fe700000,0x00000007fe7a8000,0x00000007fe800000)
  to   space 8192K, 0% used [0x00000007fec80000,0x00000007fec80000,0x00000007ff480000)
 ParOldGen       total 22016K, used 15342K [0x00000007f0000000, 0x00000007f1580000, 0x00000007faa80000)
  object space 22016K, 69% used [0x00000007f0000000,0x00000007f0efb998,0x00000007f1580000)
 PSPermGen       total 45568K, used 45495K [0x00000007eae00000, 0x00000007eda80000, 0x00000007f0000000)
  object space 45568K, 99% used [0x00000007eae00000,0x00000007eda6dde0,0x00000007eda80000)
GC Heap History (10 events):
Event: 25.667 GC heap before
{Heap before GC invocations=13 (full 0):
 PSYoungGen      total 78336K, used 68357K [0x00000007faa80000, 0x00000007fff80000, 0x0000000800000000)
  eden space 70144K, 96% used [0x00000007faa80000,0x00000007fec89648,0x00000007fef00000)
  from space 8192K, 8% used [0x00000007ff700000,0x00000007ff7b8000,0x00000007fff00000)
  to   space 8192K, 0% used [0x00000007fef00000,0x00000007fef00000,0x00000007ff700000)
 ParOldGen       total 22016K, used 14474K [0x00000007f0000000, 0x00000007f1580000, 0x00000007faa80000)
  object space 22016K, 65% used [0x00000007f0000000,0x00000007f0e22960,0x00000007f1580000)
 PSPermGen       total 45568K, used 45169K [0x00000007eae00000, 0x00000007eda80000, 0x00000007f0000000)
  object space 45568K, 99% used [0x00000007eae00000,0x00000007eda1c710,0x00000007eda80000)
Event: 25.669 GC heap after
Heap after GC invocations=13 (full 0):
 PSYoungGen      total 78336K, used 672K [0x00000007faa80000, 0x0000000800000000, 0x0000000800000000)
  eden space 70144K, 0% used [0x00000007faa80000,0x00000007faa80000,0x00000007fef00000)
  from space 8192K, 8% used [0x00000007fef00000,0x00000007fefa8000,0x00000007ff700000)
  to   space 8704K, 0% used [0x00000007ff780000,0x00000007ff780000,0x0000000800000000)
 ParOldGen       total 22016K, used 14618K [0x00000007f0000000, 0x00000007f1580000, 0x00000007faa80000)
  object space 22016K, 66% used [0x00000007f0000000,0x00000007f0e46960,0x00000007f1580000)
 PSPermGen       total 45568K, used 45169K [0x00000007eae00000, 0x00000007eda80000, 0x00000007f0000000)
  object space 45568K, 99% used [0x00000007eae00000,0x00000007eda1c710,0x00000007eda80000)
}
Event: 31.430 GC heap before
{Heap before GC invocations=14 (full 0):
 PSYoungGen      total 78336K, used 69453K [0x00000007faa80000, 0x0000000800000000, 0x0000000800000000)
  eden space 70144K, 98% used [0x00000007faa80000,0x00000007fedab4c0,0x00000007fef00000)
  from space 8192K, 8% used [0x00000007fef00000,0x00000007fefa8000,0x00000007ff700000)
  to   space 8704K, 0% used [0x00000007ff780000,0x00000007ff780000,0x0000000800000000)
 ParOldGen       total 22016K, used 14618K [0x00000007f0000000, 0x00000007f1580000, 0x00000007faa80000)
  object space 22016K, 66% used [0x00000007f0000000,0x00000007f0e46960,0x00000007f1580000)
 PSPermGen       total 45568K, used 45233K [0x00000007eae00000, 0x00000007eda80000, 0x00000007f0000000)
  object space 45568K, 99% used [0x00000007eae00000,0x00000007eda2c438,0x00000007eda80000)
Event: 31.432 GC heap after
Heap after GC invocations=14 (full 0):
 PSYoungGen      total 72704K, used 736K [0x00000007faa80000, 0x00000007ffd00000, 0x0000000800000000)
  eden space 67072K, 0% used [0x00000007faa80000,0x00000007faa80000,0x00000007fec00000)
  from space 5632K, 13% used [0x00000007ff780000,0x00000007ff838000,0x00000007ffd00000)
  to   space 8704K, 0% used [0x00000007fec00000,0x00000007fec00000,0x00000007ff480000)
 ParOldGen       total 22016K, used 14834K [0x00000007f0000000, 0x00000007f1580000, 0x00000007faa80000)
  object space 22016K, 67% used [0x00000007f0000000,0x00000007f0e7c970,0x00000007f1580000)
 PSPermGen       total 45568K, used 45233K [0x00000007eae00000, 0x00000007eda80000, 0x00000007f0000000)
  object space 45568K, 99% used [0x00000007eae00000,0x00000007eda2c438,0x00000007eda80000)
}
Event: 54.991 GC heap before
{Heap before GC invocations=15 (full 0):
 PSYoungGen      total 72704K, used 64207K [0x00000007faa80000, 0x00000007ffd00000, 0x0000000800000000)
  eden space 67072K, 94% used [0x00000007faa80000,0x00000007fe87bdb8,0x00000007fec00000)
  from space 5632K, 13% used [0x00000007ff780000,0x00000007ff838000,0x00000007ffd00000)
  to   space 8704K, 0% used [0x00000007fec00000,0x00000007fec00000,0x00000007ff480000)
 ParOldGen       total 22016K, used 14834K [0x00000007f0000000, 0x00000007f1580000, 0x00000007faa80000)
  object space 22016K, 67% used [0x00000007f0000000,0x00000007f0e7c970,0x00000007f1580000)
 PSPermGen       total 45568K, used 45287K [0x00000007eae00000, 0x00000007eda80000, 0x00000007f0000000)
  object space 45568K, 99% used [0x00000007eae00000,0x00000007eda39f18,0x00000007eda80000)
Event: 54.993 GC heap after
Heap after GC invocations=15 (full 0):
 PSYoungGen      total 65536K, used 832K [0x00000007faa80000, 0x00000007ff980000, 0x0000000800000000)
  eden space 64512K, 0% used [0x00000007faa80000,0x00000007faa80000,0x00000007fe980000)
  from space 1024K, 81% used [0x00000007fec00000,0x00000007fecd0000,0x00000007fed00000)
  to   space 8192K, 0% used [0x00000007ff180000,0x00000007ff180000,0x00000007ff980000)
 ParOldGen       total 22016K, used 14994K [0x00000007f0000000, 0x00000007f1580000, 0x00000007faa80000)
  object space 22016K, 68% used [0x00000007f0000000,0x00000007f0ea4980,0x00000007f1580000)
 PSPermGen       total 45568K, used 45287K [0x00000007eae00000, 0x00000007eda80000, 0x00000007f0000000)
  object space 45568K, 99% used [0x00000007eae00000,0x00000007eda39f18,0x00000007eda80000)
}
Event: 55.107 GC heap before
{Heap before GC invocations=16 (full 0):
 PSYoungGen      total 65536K, used 61534K [0x00000007faa80000, 0x00000007ff980000, 0x0000000800000000)
  eden space 64512K, 94% used [0x00000007faa80000,0x00000007fe5c7a70,0x00000007fe980000)
  from space 1024K, 81% used [0x00000007fec00000,0x00000007fecd0000,0x00000007fed00000)
  to   space 8192K, 0% used [0x00000007ff180000,0x00000007ff180000,0x00000007ff980000)
 ParOldGen       total 22016K, used 14994K [0x00000007f0000000, 0x00000007f1580000, 0x00000007faa80000)
  object space 22016K, 68% used [0x00000007f0000000,0x00000007f0ea4980,0x00000007f1580000)
 PSPermGen       total 45568K, used 45327K [0x00000007eae00000, 0x00000007eda80000, 0x00000007f0000000)
  object space 45568K, 99% used [0x00000007eae00000,0x00000007eda43fb8,0x00000007eda80000)
Event: 55.108 GC heap after
Heap after GC invocations=16 (full 0):
 PSYoungGen      total 67584K, used 640K [0x00000007faa80000, 0x00000007ff700000, 0x0000000800000000)
  eden space 61952K, 0% used [0x00000007faa80000,0x00000007faa80000,0x00000007fe700000)
  from space 5632K, 11% used [0x00000007ff180000,0x00000007ff220000,0x00000007ff700000)
  to   space 8192K, 0% used [0x00000007fe700000,0x00000007fe700000,0x00000007fef00000)
 ParOldGen       total 22016K, used 15190K [0x00000007f0000000, 0x00000007f1580000, 0x00000007faa80000)
  object space 22016K, 68% used [0x00000007f0000000,0x00000007f0ed5988,0x00000007f1580000)
 PSPermGen       total 45568K, used 45327K [0x00000007eae00000, 0x00000007eda80000, 0x00000007f0000000)
  object space 45568K, 99% used [0x00000007eae00000,0x00000007eda43fb8,0x00000007eda80000)
}
Event: 55.418 GC heap before
{Heap before GC invocations=17 (full 0):
 PSYoungGen      total 67584K, used 61735K [0x00000007faa80000, 0x00000007ff700000, 0x0000000800000000)
  eden space 61952K, 98% used [0x00000007faa80000,0x00000007fe629e30,0x00000007fe700000)
  from space 5632K, 11% used [0x00000007ff180000,0x00000007ff220000,0x00000007ff700000)
  to   space 8192K, 0% used [0x00000007fe700000,0x00000007fe700000,0x00000007fef00000)
 ParOldGen       total 22016K, used 15190K [0x00000007f0000000, 0x00000007f1580000, 0x00000007faa80000)
  object space 22016K, 68% used [0x00000007f0000000,0x00000007f0ed5988,0x00000007f1580000)
 PSPermGen       total 45568K, used 45373K [0x00000007eae00000, 0x00000007eda80000, 0x00000007f0000000)
  object space 45568K, 99% used [0x00000007eae00000,0x00000007eda4f700,0x00000007eda80000)
Event: 55.419 GC heap after
Heap after GC invocations=17 (full 0):
 PSYoungGen      total 60416K, used 672K [0x00000007faa80000, 0x00000007ff480000, 0x0000000800000000)
  eden space 59392K, 0% used [0x00000007faa80000,0x00000007faa80000,0x00000007fe480000)
  from space 1024K, 65% used [0x00000007fe700000,0x00000007fe7a8000,0x00000007fe800000)
  to   space 8192K, 0% used [0x00000007fec80000,0x00000007fec80000,0x00000007ff480000)
 ParOldGen       total 22016K, used 15342K [0x00000007f0000000, 0x00000007f1580000, 0x00000007faa80000)
  object space 22016K, 69% used [0x00000007f0000000,0x00000007f0efb998,0x00000007f1580000)
 PSPermGen       total 45568K, used 45373K [0x00000007eae00000, 0x00000007eda80000, 0x00000007f0000000)
  object space 45568K, 99% used [0x00000007eae00000,0x00000007eda4f700,0x00000007eda80000)
}

